<?xml version="1.0" encoding="UTF-8"?>
<!-- Generated by org.testng.reporters.JUnitReportReporter -->
<testsuite skipped="0" hostname="ChandrakantS" name="parallel.ParallelTestRunner" tests="42" failures="0" timestamp="10 Feb 2023 11:37:41 GMT" time="205.088" errors="0">
  <testcase name="runScenario" time="16.181" classname="parallel.ParallelTestRunner"/>
  <testcase name="runScenario" time="2.332" classname="parallel.ParallelTestRunner"/>
  <testcase name="runScenario" time="1.992" classname="parallel.ParallelTestRunner"/>
  <testcase name="runScenario" time="16.183" classname="parallel.ParallelTestRunner"/>
  <testcase name="runScenario" time="0.645" classname="parallel.ParallelTestRunner"/>
  <testcase name="runScenario" time="1.964" classname="parallel.ParallelTestRunner"/>
  <testcase name="runScenario" time="1.753" classname="parallel.ParallelTestRunner"/>
  <testcase name="runScenario" time="1.546" classname="parallel.ParallelTestRunner"/>
  <testcase name="runScenario" time="1.498" classname="parallel.ParallelTestRunner"/>
  <testcase name="runScenario" time="16.102" classname="parallel.ParallelTestRunner"/>
  <testcase name="runScenario" time="16.180" classname="parallel.ParallelTestRunner"/>
  <testcase name="runScenario" time="0.648" classname="parallel.ParallelTestRunner"/>
  <testcase name="runScenario" time="14.392" classname="parallel.ParallelTestRunner"/>
  <testcase name="runScenario" time="1.785" classname="parallel.ParallelTestRunner"/>
  <testcase name="runScenario" time="16.166" classname="parallel.ParallelTestRunner"/>
  <testcase name="runScenario" time="1.685" classname="parallel.ParallelTestRunner"/>
  <testcase name="runScenario" time="1.632" classname="parallel.ParallelTestRunner"/>
  <testcase name="runScenario" time="1.211" classname="parallel.ParallelTestRunner"/>
  <testcase name="runScenario" time="16.120" classname="parallel.ParallelTestRunner"/>
  <testcase name="runScenario" time="1.487" classname="parallel.ParallelTestRunner"/>
  <testcase name="runScenario" time="16.111" classname="parallel.ParallelTestRunner"/>
  <testcase name="runScenario" time="1.885" classname="parallel.ParallelTestRunner"/>
  <testcase name="runScenario" time="1.046" classname="parallel.ParallelTestRunner"/>
  <testcase name="runScenario" time="1.771" classname="parallel.ParallelTestRunner"/>
  <testcase name="runScenario" time="1.908" classname="parallel.ParallelTestRunner"/>
  <testcase name="runScenario" time="0.581" classname="parallel.ParallelTestRunner"/>
  <testcase name="runScenario" time="0.470" classname="parallel.ParallelTestRunner"/>
  <testcase name="runScenario" time="0.729" classname="parallel.ParallelTestRunner"/>
  <testcase name="runScenario" time="16.126" classname="parallel.ParallelTestRunner"/>
  <testcase name="runScenario" time="1.844" classname="parallel.ParallelTestRunner"/>
  <testcase name="runScenario" time="0.781" classname="parallel.ParallelTestRunner"/>
  <testcase name="runScenario" time="0.874" classname="parallel.ParallelTestRunner"/>
  <testcase name="runScenario" time="16.113" classname="parallel.ParallelTestRunner"/>
  <testcase name="runScenario" time="1.735" classname="parallel.ParallelTestRunner"/>
  <testcase name="runScenario" time="1.579" classname="parallel.ParallelTestRunner"/>
  <testcase name="runScenario" time="1.578" classname="parallel.ParallelTestRunner"/>
  <testcase name="runScenario" time="1.690" classname="parallel.ParallelTestRunner"/>
  <testcase name="runScenario" time="0.637" classname="parallel.ParallelTestRunner"/>
  <testcase name="runScenario" time="0.650" classname="parallel.ParallelTestRunner"/>
  <testcase name="runScenario" time="2.288" classname="parallel.ParallelTestRunner"/>
  <testcase name="runScenario" time="1.552" classname="parallel.ParallelTestRunner"/>
  <testcase name="runScenario" time="1.638" classname="parallel.ParallelTestRunner"/>
</testsuite> <!-- parallel.ParallelTestRunner -->
